c:\myprojects\firstcocosgame\mycppgame\proj.win32\debug.win32\main.obj
c:\myprojects\firstcocosgame\mycppgame\proj.win32\debug.win32\appdelegate.obj
c:\myprojects\firstcocosgame\mycppgame\proj.win32\debug.win32\helloworldscene.obj
c:\myprojects\firstcocosgame\mycppgame\proj.win32\debug.win32\vc120.pdb
c:\myprojects\firstcocosgame\mycppgame\proj.win32\debug.win32\gameoverscene.obj
c:\myprojects\firstcocosgame\mycppgame\proj.win32\debug.win32\mainmenuscene.obj
c:\myprojects\firstcocosgame\mycppgame\proj.win32\debug.win32\gamescene.obj
c:\myprojects\firstcocosgame\mycppgame\proj.win32\debug.win32\pausemenuscene.obj
c:\myprojects\firstcocosgame\mycppgame\proj.win32\debug.win32\vc120.idb
c:\myprojects\firstcocosgame\mycppgame\proj.win32\debug.win32\gamedata.obj
c:\myprojects\firstcocosgame\mycppgame\proj.win32\debug.win32\levelloader.obj
c:\myprojects\firstcocosgame\mycppgame\proj.win32\debug.win32\towerbase.obj
c:\myprojects\firstcocosgame\mycppgame\proj.win32\debug.win32\towergun.obj
c:\myprojects\firstcocosgame\mycppgame\proj.win32\debug.win32\projectile.obj
c:\myprojects\firstcocosgame\mycppgame\proj.win32\debug.win32\mycppgame.ilk
c:\myprojects\firstcocosgame\mycppgame\proj.win32\debug.win32\mycppgame.exe
c:\myprojects\firstcocosgame\mycppgame\proj.win32\debug.win32\mycppgame.pdb
c:\myprojects\firstcocosgame\mycppgame\proj.win32\debug.win32\mycppgame.lib
c:\myprojects\firstcocosgame\mycppgame\proj.win32\debug.win32\mycppgame.exp
c:\myprojects\firstcocosgame\mycppgame\proj.win32\mycppgame.cab
c:\myprojects\firstcocosgame\mycppgame\proj.win32\debug.win32\game.res
c:\myprojects\firstcocosgame\mycppgame\proj.win32\debug.win32\mycppgame.vcxprojresolveassemblyreference.cache
c:\myprojects\firstcocosgame\mycppgame\proj.win32\debug.win32\libcocos2d.exp
c:\myprojects\firstcocosgame\mycppgame\proj.win32\debug.win32\libcocos2d.pdb
c:\myprojects\firstcocosgame\mycppgame\proj.win32\debug.win32\mycppgame.tlog\cl.command.1.tlog
c:\myprojects\firstcocosgame\mycppgame\proj.win32\debug.win32\mycppgame.tlog\cl.read.1.tlog
c:\myprojects\firstcocosgame\mycppgame\proj.win32\debug.win32\mycppgame.tlog\cl.write.1.tlog
c:\myprojects\firstcocosgame\mycppgame\proj.win32\debug.win32\mycppgame.tlog\link.command.1.tlog
c:\myprojects\firstcocosgame\mycppgame\proj.win32\debug.win32\mycppgame.tlog\link.read.1.tlog
c:\myprojects\firstcocosgame\mycppgame\proj.win32\debug.win32\mycppgame.tlog\link.write.1.tlog
c:\myprojects\firstcocosgame\mycppgame\proj.win32\debug.win32\mycppgame.tlog\mycppgame.write.1u.tlog
c:\myprojects\firstcocosgame\mycppgame\proj.win32\debug.win32\mycppgame.tlog\rc.command.1.tlog
c:\myprojects\firstcocosgame\mycppgame\proj.win32\debug.win32\mycppgame.tlog\rc.read.1.tlog
c:\myprojects\firstcocosgame\mycppgame\proj.win32\debug.win32\mycppgame.tlog\rc.write.1.tlog
